<?xml version="1.0" encoding="UTF-8"?>
<!-- Generated by org.testng.reporters.JUnitReportReporter -->
<testsuite hostname="INDP277LT" failures="0" tests="1" name="ReadData" time="0.739" errors="0" timestamp="2020-12-27T04:24:59 IST" skipped="0">
  <testcase classname="ReadData" name="excelDP" time="0.739"/>
  <system-out/>
</testsuite> <!-- ReadData -->
