<?xml version="1.0" encoding="UTF-8"?>
<!-- Generated by org.testng.reporters.JUnitReportReporter -->
<testsuite hostname="INDP277LT" failures="0" tests="5" name="dependson.DependsOn01" time="0.035" errors="0" timestamp="2020-12-30T03:02:34 IST" skipped="0">
  <testcase classname="dependson.DependsOn01" name="signOut" time="0.004"/>
  <system-out/>
  <testcase classname="dependson.DependsOn01" name="launchChrome" time="0.024"/>
  <system-out/>
  <testcase classname="dependson.DependsOn01" name="signIn" time="0.003"/>
  <system-out/>
  <testcase classname="dependson.DependsOn01" name="verifySuccessMessage" time="0.002"/>
  <system-out/>
  <testcase classname="dependson.DependsOn01" name="closeChrome" time="0.002"/>
  <system-out/>
</testsuite> <!-- dependson.DependsOn01 -->
