<?xml version="1.0" encoding="UTF-8"?>
<!-- Generated by org.testng.reporters.JUnitReportReporter -->
<testsuite hostname="INDP277LT" failures="0" tests="2" name="parallel.ParallelClass01" time="29.345" errors="0" timestamp="2021-01-04T00:38:42 IST" skipped="0">
  <testcase classname="parallel.ParallelClass01" name="test02" time="13.588"/>
  <system-out/>
  <testcase classname="parallel.ParallelClass01" name="test01" time="15.757"/>
  <system-out/>
</testsuite> <!-- parallel.ParallelClass01 -->
