<?xml version="1.0" encoding="UTF-8"?>
<!-- Generated by org.testng.reporters.JUnitReportReporter -->
<testsuite hostname="INDP277LT" failures="0" tests="2" name="crossbrowser.Class01" time="27.198" errors="0" timestamp="2021-01-04T23:33:25 IST" skipped="0">
  <testcase classname="crossbrowser.Class01" name="verifyPageTitle" time="12.956"/>
  <system-out/>
  <testcase classname="crossbrowser.Class01" name="verifyPageTitle" time="14.242"/>
  <system-out/>
</testsuite> <!-- crossbrowser.Class01 -->
