<?xml version="1.0" encoding="UTF-8"?>
<!-- Generated by org.testng.reporters.JUnitReportReporter -->
<testsuite hostname="INDP277LT" failures="0" tests="5" name="exceldata.TestNGYTSelenium_01" time="13.556" errors="0" timestamp="2020-12-28T00:45:45 IST" skipped="0">
  <testcase classname="exceldata.TestNGYTSelenium_01" name="signIn" time="2.672"/>
  <system-out/>
  <testcase classname="exceldata.TestNGYTSelenium_01" name="signIn" time="2.671"/>
  <system-out/>
  <testcase classname="exceldata.TestNGYTSelenium_01" name="signIn" time="2.943"/>
  <system-out/>
  <testcase classname="exceldata.TestNGYTSelenium_01" name="signIn" time="2.749"/>
  <system-out/>
  <testcase classname="exceldata.TestNGYTSelenium_01" name="signIn" time="2.521"/>
  <system-out/>
</testsuite> <!-- exceldata.TestNGYTSelenium_01 -->
