<?xml version="1.0" encoding="UTF-8"?>
<!-- Generated by org.testng.reporters.JUnitReportReporter -->
<testsuite hostname="INDP277LT" failures="0" tests="2" name="parallel.ParallelClass01" time="26.898" errors="0" timestamp="2021-01-08T20:18:23 IST" skipped="0">
  <testcase classname="parallel.ParallelClass01" name="test02" time="14.309"/>
  <system-out/>
  <testcase classname="parallel.ParallelClass01" name="test01" time="12.589"/>
  <system-out/>
</testsuite> <!-- parallel.ParallelClass01 -->
