<?xml version="1.0" encoding="UTF-8"?>
<!-- Generated by org.testng.reporters.JUnitReportReporter -->
<testsuite hostname="INDP277LT" failures="0" tests="6" name="invocationcount.InvocationClass01" time="0.116" errors="0" timestamp="2021-01-04T21:59:35 IST" skipped="0">
  <testcase classname="invocationcount.InvocationClass01" name="Test01" time="0.033"/>
  <system-out/>
  <testcase classname="invocationcount.InvocationClass01" name="Test01" time="0.032"/>
  <system-out/>
  <testcase classname="invocationcount.InvocationClass01" name="Test01" time="0.032"/>
  <system-out/>
  <testcase classname="invocationcount.InvocationClass01" name="Test01" time="0.007"/>
  <system-out/>
  <testcase classname="invocationcount.InvocationClass01" name="Test01" time="0.004"/>
  <system-out/>
  <testcase classname="invocationcount.InvocationClass01" name="Test01" time="0.008"/>
  <system-out/>
</testsuite> <!-- invocationcount.InvocationClass01 -->
