<?xml version="1.0" encoding="UTF-8"?>
<!-- Generated by org.testng.reporters.JUnitReportReporter -->
<testsuite hostname="INDP277LT" failures="0" tests="2" name="groups.TestClass01" time="0.029" errors="0" timestamp="2020-12-29T14:19:23 IST" skipped="0">
  <testcase classname="groups.TestClass01" name="Test05" time="0.005"/>
  <system-out/>
  <testcase classname="groups.TestClass01" name="Test03" time="0.024"/>
  <system-out/>
</testsuite> <!-- groups.TestClass01 -->
