<?xml version="1.0" encoding="UTF-8"?>
<!-- Generated by org.testng.reporters.JUnitReportReporter -->
<testsuite hostname="INDP277LT" failures="0" tests="2" name="groups.TestClass02" time="0.003" errors="0" timestamp="2020-12-28T21:34:53 IST" skipped="0">
  <testcase classname="groups.TestClass02" name="Test01" time="0.001"/>
  <system-out/>
  <testcase classname="groups.TestClass02" name="Test05" time="0.002"/>
  <system-out/>
</testsuite> <!-- groups.TestClass02 -->
