<?xml version="1.0" encoding="UTF-8"?>
<!-- Generated by org.testng.reporters.JUnitReportReporter -->
<testsuite hostname="INDP277LT" failures="0" tests="5" name="TestNGYTSelenium_01" time="4.406" errors="0" timestamp="2020-12-27T22:52:35 IST" skipped="0">
  <testcase classname="TestNGYTSelenium_01" name="signIn" time="0.905"/>
  <system-out/>
  <testcase classname="TestNGYTSelenium_01" name="signIn" time="0.842"/>
  <system-out/>
  <testcase classname="TestNGYTSelenium_01" name="signIn" time="0.971"/>
  <system-out/>
  <testcase classname="TestNGYTSelenium_01" name="signIn" time="0.854"/>
  <system-out/>
  <testcase classname="TestNGYTSelenium_01" name="signIn" time="0.834"/>
  <system-out/>
</testsuite> <!-- TestNGYTSelenium_01 -->
