<?xml version="1.0" encoding="UTF-8"?>
<!-- Generated by org.testng.reporters.JUnitReportReporter -->
<testsuite hostname="INDP277LT" failures="0" tests="2" name="dependson.copy.DependsOn01" time="0.006" errors="0" timestamp="2020-12-29T23:16:56 IST" skipped="0">
  <testcase classname="dependson.copy.DependsOn01" name="Test01" time="0.003"/>
  <system-out/>
  <testcase classname="dependson.copy.DependsOn01" name="Test02" time="0.003"/>
  <system-out/>
</testsuite> <!-- dependson.copy.DependsOn01 -->
