<?xml version="1.0" encoding="UTF-8"?>
<!-- Generated by org.testng.reporters.JUnitReportReporter -->
<testsuite hostname="INDP277LT" failures="0" tests="2" name="dependson.copy.DependsOn02" time="0.017" errors="0" timestamp="2020-12-29T23:16:56 IST" skipped="0">
  <testcase classname="dependson.copy.DependsOn02" name="Test03" time="0.010"/>
  <system-out/>
  <testcase classname="dependson.copy.DependsOn02" name="Test04" time="0.007"/>
  <system-out/>
</testsuite> <!-- dependson.copy.DependsOn02 -->
