<?xml version="1.0" encoding="UTF-8"?>
<!-- Generated by org.testng.reporters.JUnitReportReporter -->
<testsuite hostname="INDP277LT" failures="0" tests="3" name="listener.TestClass01" time="0.020" errors="0" timestamp="2021-01-08T21:56:57 IST" skipped="0">
  <testcase classname="listener.TestClass01" name="init" time="0.013"/>
  <system-out/>
  <testcase classname="listener.TestClass01" name="init" time="0.003"/>
  <system-out/>
  <testcase classname="listener.TestClass01" name="init" time="0.004"/>
  <system-out/>
</testsuite> <!-- listener.TestClass01 -->
