<?xml version="1.0" encoding="UTF-8"?>
<!-- Generated by org.testng.reporters.JUnitReportReporter -->
<testsuite hostname="INDP277LT" failures="0" tests="1" name="parallel.ParallelClass02" time="0.039" errors="0" timestamp="2021-01-04T01:00:55 IST" skipped="0">
  <testcase classname="parallel.ParallelClass02" name="test01" time="0.039"/>
  <system-out/>
</testsuite> <!-- parallel.ParallelClass02 -->
